<?xml version="1.0" encoding="UTF-8"?>
<!-- Generated by org.testng.reporters.JUnitXMLReporter -->
<testsuite hostname="Vishwa_Reddy" ignored="3" name="Test" tests="2" failures="2" timestamp="27 Jan 2018 15:26:14 GMT" time="32.899" errors="0">
  <testcase name="testValidLoginTest1" time="0.14" classname="in.licious.test.ValidLoginTest">
    <failure type="java.lang.AssertionError" message="null">
      <![CDATA[java.lang.AssertionError: null
	at in.licious.test.ValidLoginTest.testValidLoginTest1(ValidLoginTest.java:20)
... Removed 27 stack frames]]>
    </failure>
  </testcase> <!-- testValidLoginTest1 -->
  <testcase name="testInvalidLogin" time="2.404" classname="in.licious.test.InvalidLogin">
    <failure type="java.lang.AssertionError" message="null">
      <![CDATA[java.lang.AssertionError: null
	at in.licious.test.InvalidLogin.testInvalidLogin(InvalidLogin.java:24)
... Removed 27 stack frames]]>
    </failure>
  </testcase> <!-- testInvalidLogin -->
  <testcase name="@AfterSuite closeFramework" time="0.0" classname="in.licious.test.BaseTest">
    <ignored/>
  </testcase> <!-- @AfterSuite closeFramework -->
  <testcase name="@BeforeSuite initFramework" time="0.0" classname="in.licious.test.BaseTest">
    <ignored/>
  </testcase> <!-- @BeforeSuite initFramework -->
  <testcase name="@BeforeTest initGlobalConstants" time="0.0" classname="in.licious.test.BaseTest">
    <ignored/>
  </testcase> <!-- @BeforeTest initGlobalConstants -->
</testsuite> <!-- Test -->
