<?xml version="1.0" encoding="UTF-8"?>
<testng-results skipped="0" failed="0" ignored="0" total="1" passed="1">
  <reporter-output>
  </reporter-output>
  <suite name="Default suite" duration-ms="161896" started-at="2018-03-16T06:45:39Z" finished-at="2018-03-16T06:48:21Z">
    <groups>
    </groups>
    <test name="Default test" duration-ms="161896" started-at="2018-03-16T06:45:39Z" finished-at="2018-03-16T06:48:21Z">
      <class name="in.licious.test.Chicken">
        <test-method status="PASS" signature="initFramework()[pri:0, instance:in.licious.test.Chicken@20398b7c]" name="initFramework" is-config="true" duration-ms="108" started-at="2018-03-16T12:15:39Z" finished-at="2018-03-16T12:15:39Z">
          <reporter-output>
          </reporter-output>
        </test-method> <!-- initFramework -->
        <test-method status="PASS" signature="initGlobalConstants()[pri:0, instance:in.licious.test.Chicken@20398b7c]" name="initGlobalConstants" is-config="true" duration-ms="2" started-at="2018-03-16T12:15:39Z" finished-at="2018-03-16T12:15:39Z">
          <reporter-output>
          </reporter-output>
        </test-method> <!-- initGlobalConstants -->
        <test-method status="PASS" signature="setUp(java.lang.reflect.Method)[pri:0, instance:in.licious.test.Chicken@20398b7c]" name="setUp" is-config="true" duration-ms="81280" started-at="2018-03-16T12:15:39Z" finished-at="2018-03-16T12:17:01Z">
          <params>
            <param index="0">
              <value>
                <![CDATA[public void in.licious.test.Chicken.testChicken()]]>
              </value>
            </param>
          </params>
          <reporter-output>
          </reporter-output>
        </test-method> <!-- setUp -->
        <test-method status="PASS" signature="testChicken()[pri:0, instance:in.licious.test.Chicken@20398b7c]" name="testChicken" duration-ms="78484" started-at="2018-03-16T12:17:01Z" finished-at="2018-03-16T12:18:19Z">
          <reporter-output>
          </reporter-output>
        </test-method> <!-- testChicken -->
        <test-method status="PASS" signature="tearDown(org.testng.ITestResult)[pri:0, instance:in.licious.test.Chicken@20398b7c]" name="tearDown" is-config="true" duration-ms="2108" started-at="2018-03-16T12:18:19Z" finished-at="2018-03-16T12:18:21Z">
          <params>
            <param index="0">
              <value>
                <![CDATA[[TestResult name=testChicken status=SUCCESS method=Chicken.testChicken()[pri:0, instance:in.licious.test.Chicken@20398b7c] output={null}]]]>
              </value>
            </param>
          </params>
          <reporter-output>
          </reporter-output>
        </test-method> <!-- tearDown -->
        <test-method status="PASS" signature="closeFramework()[pri:0, instance:in.licious.test.Chicken@20398b7c]" name="closeFramework" is-config="true" duration-ms="456" started-at="2018-03-16T12:18:21Z" finished-at="2018-03-16T12:18:22Z">
          <reporter-output>
          </reporter-output>
        </test-method> <!-- closeFramework -->
      </class> <!-- in.licious.test.Chicken -->
    </test> <!-- Default test -->
  </suite> <!-- Default suite -->
</testng-results>
