<?xml version="1.0" encoding="UTF-8"?>
<testng-results skipped="0" failed="0" ignored="0" total="1" passed="1">
  <reporter-output>
  </reporter-output>
  <suite name="Default suite" duration-ms="56179" started-at="2018-03-15T21:01:56Z" finished-at="2018-03-15T21:02:52Z">
    <groups>
    </groups>
    <test name="Default test" duration-ms="56179" started-at="2018-03-15T21:01:56Z" finished-at="2018-03-15T21:02:52Z">
      <class name="in.licious.test.Chicken">
        <test-method status="PASS" signature="initFramework()[pri:0, instance:in.licious.test.Chicken@3abbfa04]" name="initFramework" is-config="true" duration-ms="125" started-at="2018-03-16T02:31:56Z" finished-at="2018-03-16T02:31:56Z">
          <reporter-output>
          </reporter-output>
        </test-method> <!-- initFramework -->
        <test-method status="PASS" signature="initGlobalConstants()[pri:0, instance:in.licious.test.Chicken@3abbfa04]" name="initGlobalConstants" is-config="true" duration-ms="0" started-at="2018-03-16T02:31:56Z" finished-at="2018-03-16T02:31:56Z">
          <reporter-output>
          </reporter-output>
        </test-method> <!-- initGlobalConstants -->
        <test-method status="PASS" signature="setUp(java.lang.reflect.Method)[pri:0, instance:in.licious.test.Chicken@3abbfa04]" name="setUp" is-config="true" duration-ms="13462" started-at="2018-03-16T02:31:56Z" finished-at="2018-03-16T02:32:10Z">
          <params>
            <param index="0">
              <value>
                <![CDATA[public void in.licious.test.Chicken.testChicken()]]>
              </value>
            </param>
          </params>
          <reporter-output>
          </reporter-output>
        </test-method> <!-- setUp -->
        <test-method status="PASS" signature="testChicken()[pri:0, instance:in.licious.test.Chicken@3abbfa04]" name="testChicken" duration-ms="40540" started-at="2018-03-16T02:32:10Z" finished-at="2018-03-16T02:32:50Z">
          <reporter-output>
          </reporter-output>
        </test-method> <!-- testChicken -->
        <test-method status="PASS" signature="tearDown(org.testng.ITestResult)[pri:0, instance:in.licious.test.Chicken@3abbfa04]" name="tearDown" is-config="true" duration-ms="2162" started-at="2018-03-16T02:32:50Z" finished-at="2018-03-16T02:32:52Z">
          <params>
            <param index="0">
              <value>
                <![CDATA[[TestResult name=testChicken status=SUCCESS method=Chicken.testChicken()[pri:0, instance:in.licious.test.Chicken@3abbfa04] output={null}]]]>
              </value>
            </param>
          </params>
          <reporter-output>
          </reporter-output>
        </test-method> <!-- tearDown -->
        <test-method status="PASS" signature="closeFramework()[pri:0, instance:in.licious.test.Chicken@3abbfa04]" name="closeFramework" is-config="true" duration-ms="266" started-at="2018-03-16T02:32:52Z" finished-at="2018-03-16T02:32:53Z">
          <reporter-output>
          </reporter-output>
        </test-method> <!-- closeFramework -->
      </class> <!-- in.licious.test.Chicken -->
    </test> <!-- Default test -->
  </suite> <!-- Default suite -->
</testng-results>
